C:\Users\cca\Desktop\Ex1_Progra6_CarlosQuirosD\WebApplication\wwwroot\App\Departamentos\Edit.js
C:\Users\cca\Desktop\Ex1_Progra6_CarlosQuirosD\WebApplication\wwwroot\App\Departamentos\Edit.js.map
C:\Users\cca\Desktop\Ex1_Progra6_CarlosQuirosD\WebApplication\wwwroot\App\Departamentos\Grid.js
C:\Users\cca\Desktop\Ex1_Progra6_CarlosQuirosD\WebApplication\wwwroot\App\Departamentos\Grid.js.map
C:\Users\cca\Desktop\Ex1_Progra6_CarlosQuirosD\WebApplication\wwwroot\App\Puestos\Edit.js
C:\Users\cca\Desktop\Ex1_Progra6_CarlosQuirosD\WebApplication\wwwroot\App\Puestos\Edit.js.map
C:\Users\cca\Desktop\Ex1_Progra6_CarlosQuirosD\WebApplication\wwwroot\App\Puestos\Grid.js
C:\Users\cca\Desktop\Ex1_Progra6_CarlosQuirosD\WebApplication\wwwroot\App\Puestos\Grid.js.map
C:\Users\cca\Desktop\Ex1_Progra6_CarlosQuirosD\WebApplication\wwwroot\App\Titulos\Edit.js
C:\Users\cca\Desktop\Ex1_Progra6_CarlosQuirosD\WebApplication\wwwroot\App\Titulos\Edit.js.map
C:\Users\cca\Desktop\Ex1_Progra6_CarlosQuirosD\WebApplication\wwwroot\App\Titulos\Grid.js
C:\Users\cca\Desktop\Ex1_Progra6_CarlosQuirosD\WebApplication\wwwroot\App\Titulos\Grid.js.map
C:\Users\cca\Desktop\Ex1_Progra6_CarlosQuirosD\WebApplication\wwwroot\Assets\@types\global.js
C:\Users\cca\Desktop\Ex1_Progra6_CarlosQuirosD\WebApplication\wwwroot\Assets\@types\global.js.map
C:\Users\cca\Desktop\Ex1_Progra6_CarlosQuirosD\WebApplication\wwwroot\Assets\@types\SweetAlert\Sweetalert.js
C:\Users\cca\Desktop\Ex1_Progra6_CarlosQuirosD\WebApplication\wwwroot\Assets\@types\SweetAlert\Sweetalert.js.map
C:\Users\cca\Desktop\Ex1_Progra6_CarlosQuirosD\WebApplication\wwwroot\Assets\@types\bootstrap-validator\bvenums.js
C:\Users\cca\Desktop\Ex1_Progra6_CarlosQuirosD\WebApplication\wwwroot\Assets\@types\bootstrap-validator\bvenums.js.map
C:\Users\cca\Desktop\Ex1_Progra6_CarlosQuirosD\WebApplication\wwwroot\Assets\Plugin\CoreFile\CoreFile.js
C:\Users\cca\Desktop\Ex1_Progra6_CarlosQuirosD\WebApplication\wwwroot\Assets\Plugin\CoreFile\CoreFile.js.map
C:\Users\cca\Desktop\Ex1_Progra6_CarlosQuirosD\WebApplication\wwwroot\Assets\Plugin\bvalidator\FormValidateConfig.js
C:\Users\cca\Desktop\Ex1_Progra6_CarlosQuirosD\WebApplication\wwwroot\Assets\Plugin\bvalidator\FormValidateConfig.js.map
C:\Users\cca\Desktop\Ex1_Progra6_CarlosQuirosD\WebApplication\wwwroot\Assets\Plugin\bvalidator\bv-validators.js
C:\Users\cca\Desktop\Ex1_Progra6_CarlosQuirosD\WebApplication\wwwroot\Assets\Plugin\bvalidator\bv-validators.js.map
C:\Users\cca\Desktop\Ex1_Progra6_CarlosQuirosD\WebApplication\wwwroot\Assets\Plugin\sweetalert\SwalConfig.js
C:\Users\cca\Desktop\Ex1_Progra6_CarlosQuirosD\WebApplication\wwwroot\Assets\Plugin\sweetalert\SwalConfig.js.map
C:\Users\cca\Desktop\Ex1_Progra6_CarlosQuirosD\WebApplication\wwwroot\Assets\Plugin\vue\VueLoaderTemplate.js
C:\Users\cca\Desktop\Ex1_Progra6_CarlosQuirosD\WebApplication\wwwroot\Assets\Plugin\vue\VueLoaderTemplate.js.map
C:\Users\cca\Desktop\Ex1_Progra6_CarlosQuirosD\WebApplication\wwwroot\Scripts\AxiosProvider.js
C:\Users\cca\Desktop\Ex1_Progra6_CarlosQuirosD\WebApplication\wwwroot\Scripts\AxiosProvider.js.map
C:\Users\cca\Desktop\Ex1_Progra6_CarlosQuirosD\WebApplication\wwwroot\Scripts\entity.js
C:\Users\cca\Desktop\Ex1_Progra6_CarlosQuirosD\WebApplication\wwwroot\Scripts\entity.js.map
